1706233830224	geckodriver	INFO	Listening on 127.0.0.1:42207
1706233830707	mozrunner::runner	INFO	Running command: MOZ_CRASHREPORTER="1" MOZ_CRASHREPORTER_NO_REPORT="1" MOZ_CRASHREPORTER_SHUTDOWN="1" MOZ_NO_REMOTE="1" "/sna ... 48" "--remote-debugging-port" "33439" "--remote-allow-hosts" "localhost" "-no-remote" "-profile" "/tmp/rust_mozprofiletaF1Pb"
*** You are running in headless mode.
Gtk-Message: 20:50:30.721: Failed to load module "xapp-gtk3-module"
Gtk-Message: 20:50:30.721: Not loading module "atk-bridge": The functionality is provided by GTK natively. Please try to not load it.
console.warn: services.settings: Ignoring preference override of remote settings server
console.warn: services.settings: Allow by setting MOZ_REMOTE_SETTINGS_DEVTOOLS=1 in the environment
1706233830920	Marionette	INFO	Marionette enabled
console.error: "Warning: unrecognized command line flag" "-width"
console.error: "Warning: unrecognized command line flag" "-height"
1706233830957	Marionette	INFO	Listening on port 37457
WebDriver BiDi listening on ws://127.0.0.1:33439
Read port: 37457
1706233831163	RemoteAgent	WARN	TLS certificate errors will be ignored for this session
[GFX1-]: RenderCompositorSWGL failed mapping default framebuffer, no dt
console.error: ({})
DevTools listening on ws://127.0.0.1:33439/devtools/browser/803785bf-5a2a-49da-8b16-8c7f16a5b03f
1706233856368	geckodriver	INFO	Listening on 127.0.0.1:48427
1706233856849	mozrunner::runner	INFO	Running command: MOZ_CRASHREPORTER="1" MOZ_CRASHREPORTER_NO_REPORT="1" MOZ_CRASHREPORTER_SHUTDOWN="1" MOZ_NO_REMOTE="1" "/sna ... 48" "--remote-debugging-port" "44553" "--remote-allow-hosts" "localhost" "-no-remote" "-profile" "/tmp/rust_mozprofilecE5Hqx"
Gtk-Message: 20:50:56.862: Failed to load module "xapp-gtk3-module"
Gtk-Message: 20:50:56.863: Not loading module "atk-bridge": The functionality is provided by GTK natively. Please try to not load it.
[9074, Main Thread] WARNING: GTK+ module /snap/firefox/3626/gnome-platform/usr/lib/gtk-2.0/modules/libcanberra-gtk-module.so cannot be loaded.
GTK+ 2.x symbols detected. Using GTK+ 2.x and GTK+ 3 in the same process is not supported.: 'glib warning', file /build/firefox/parts/firefox/build/toolkit/xre/nsSigHandlers.cpp:187

(firefox:9074): Gtk-WARNING **: 20:50:56.913: GTK+ module /snap/firefox/3626/gnome-platform/usr/lib/gtk-2.0/modules/libcanberra-gtk-module.so cannot be loaded.
GTK+ 2.x symbols detected. Using GTK+ 2.x and GTK+ 3 in the same process is not supported.
Gtk-Message: 20:50:56.913: Failed to load module "canberra-gtk-module"
[9074, Main Thread] WARNING: GTK+ module /snap/firefox/3626/gnome-platform/usr/lib/gtk-2.0/modules/libcanberra-gtk-module.so cannot be loaded.
GTK+ 2.x symbols detected. Using GTK+ 2.x and GTK+ 3 in the same process is not supported.: 'glib warning', file /build/firefox/parts/firefox/build/toolkit/xre/nsSigHandlers.cpp:187

(firefox:9074): Gtk-WARNING **: 20:50:56.913: GTK+ module /snap/firefox/3626/gnome-platform/usr/lib/gtk-2.0/modules/libcanberra-gtk-module.so cannot be loaded.
GTK+ 2.x symbols detected. Using GTK+ 2.x and GTK+ 3 in the same process is not supported.
Gtk-Message: 20:50:56.913: Failed to load module "canberra-gtk-module"
console.warn: services.settings: Ignoring preference override of remote settings server
console.warn: services.settings: Allow by setting MOZ_REMOTE_SETTINGS_DEVTOOLS=1 in the environment
1706233857195	Marionette	INFO	Marionette enabled
console.error: "Warning: unrecognized command line flag" "-width"
console.error: "Warning: unrecognized command line flag" "-height"
1706233857287	Marionette	INFO	Listening on port 45135
WebDriver BiDi listening on ws://127.0.0.1:44553
Read port: 45135
1706233857452	RemoteAgent	WARN	TLS certificate errors will be ignored for this session
console.error: ({})
DevTools listening on ws://127.0.0.1:44553/devtools/browser/ad3a0eb6-f9ed-45b4-a9f4-4970fa3d9796
console.error: "update.locale" " file doesn't exist in either the application or GRE directories"
1706233862842	addons.xpi	ERROR	System addon update list error SyntaxError: XMLHttpRequest.open: 'http://%(server)s/dummy-system-addons.xml' is not a valid URL.
console.error: "update.locale" " file doesn't exist in either the application or GRE directories"
1706233887433	addons.xpi	ERROR	System addon update list error SyntaxError: XMLHttpRequest.open: 'http://%(server)s/dummy-system-addons.xml' is not a valid URL.
JavaScript warning: https://www.googletagmanager.com/gtag/js?id=G-0CQVK3G0FT&l=dataLayer&cx=c, line 281: Script terminated by timeout at:
dk@https://www.googletagmanager.com/gtag/js?id=G-0CQVK3G0FT&l=dataLayer&cx=c:281:250
Xl@https://www.googletagmanager.com/gtag/js?id=G-0CQVK3G0FT&l=dataLayer&cx=c:299:613
wG/<@https://www.googletagmanager.com/gtag/js?id=G-0CQVK3G0FT&l=dataLayer&cx=c:543:178
ba.Ok/<@https://www.googletagmanager.com/gtag/js?id=G-0CQVK3G0FT&l=dataLayer&cx=c:494:126
ba.Ok/c/<@https://www.googletagmanager.com/gtag/js?id=G-0CQVK3G0FT&l=dataLayer&cx=c:493:420

1706233902834	Marionette	INFO	Stopped listening on port 45135
1706233906606	geckodriver	INFO	Listening on 127.0.0.1:59965
1706233907086	mozrunner::runner	INFO	Running command: MOZ_CRASHREPORTER="1" MOZ_CRASHREPORTER_NO_REPORT="1" MOZ_CRASHREPORTER_SHUTDOWN="1" MOZ_NO_REMOTE="1" "/sna ... 48" "--remote-debugging-port" "43277" "--remote-allow-hosts" "localhost" "-no-remote" "-profile" "/tmp/rust_mozprofile1EdRk2"
Gtk-Message: 20:51:47.099: Failed to load module "xapp-gtk3-module"
Gtk-Message: 20:51:47.099: Not loading module "atk-bridge": The functionality is provided by GTK natively. Please try to not load it.
[9641, Main Thread] WARNING: GTK+ module /snap/firefox/3626/gnome-platform/usr/lib/gtk-2.0/modules/libcanberra-gtk-module.so cannot be loaded.
GTK+ 2.x symbols detected. Using GTK+ 2.x and GTK+ 3 in the same process is not supported.: 'glib warning', file /build/firefox/parts/firefox/build/toolkit/xre/nsSigHandlers.cpp:187

(firefox:9641): Gtk-WARNING **: 20:51:47.141: GTK+ module /snap/firefox/3626/gnome-platform/usr/lib/gtk-2.0/modules/libcanberra-gtk-module.so cannot be loaded.
GTK+ 2.x symbols detected. Using GTK+ 2.x and GTK+ 3 in the same process is not supported.
Gtk-Message: 20:51:47.141: Failed to load module "canberra-gtk-module"
[9641, Main Thread] WARNING: GTK+ module /snap/firefox/3626/gnome-platform/usr/lib/gtk-2.0/modules/libcanberra-gtk-module.so cannot be loaded.
GTK+ 2.x symbols detected. Using GTK+ 2.x and GTK+ 3 in the same process is not supported.: 'glib warning', file /build/firefox/parts/firefox/build/toolkit/xre/nsSigHandlers.cpp:187

(firefox:9641): Gtk-WARNING **: 20:51:47.142: GTK+ module /snap/firefox/3626/gnome-platform/usr/lib/gtk-2.0/modules/libcanberra-gtk-module.so cannot be loaded.
GTK+ 2.x symbols detected. Using GTK+ 2.x and GTK+ 3 in the same process is not supported.
Gtk-Message: 20:51:47.142: Failed to load module "canberra-gtk-module"
console.warn: services.settings: Ignoring preference override of remote settings server
console.warn: services.settings: Allow by setting MOZ_REMOTE_SETTINGS_DEVTOOLS=1 in the environment
1706233907379	Marionette	INFO	Marionette enabled
console.error: "Warning: unrecognized command line flag" "-width"
console.error: "Warning: unrecognized command line flag" "-height"
1706233907472	Marionette	INFO	Listening on port 37159
WebDriver BiDi listening on ws://127.0.0.1:43277
Read port: 37159
1706233907611	RemoteAgent	WARN	TLS certificate errors will be ignored for this session
console.error: ({})
DevTools listening on ws://127.0.0.1:43277/devtools/browser/fd468e53-4503-4588-afab-f254c96b7a43
console.error: "update.locale" " file doesn't exist in either the application or GRE directories"
1706233937384	addons.xpi	ERROR	System addon update list error SyntaxError: XMLHttpRequest.open: 'http://%(server)s/dummy-system-addons.xml' is not a valid URL.
JavaScript warning: https://cdn.jsdelivr.net/gh/trackingplan/trackingplan.js/trackingplan.min.js, line 1: Script terminated by timeout at:
r@https://cdn.jsdelivr.net/gh/trackingplan/trackingplan.js/trackingplan.min.js:1:4325
init/<@https://cdn.jsdelivr.net/gh/trackingplan/trackingplan.js/trackingplan.min.js:1:10598

1706234020295	Marionette	INFO	Stopped listening on port 37159
1706234035406	geckodriver	INFO	Listening on 127.0.0.1:51331
1706234035878	mozrunner::runner	INFO	Running command: MOZ_CRASHREPORTER="1" MOZ_CRASHREPORTER_NO_REPORT="1" MOZ_CRASHREPORTER_SHUTDOWN="1" MOZ_NO_REMOTE="1" "/sna ... 48" "--remote-debugging-port" "37685" "--remote-allow-hosts" "localhost" "-no-remote" "-profile" "/tmp/rust_mozprofilevJ96aO"
Gtk-Message: 20:53:55.892: Failed to load module "xapp-gtk3-module"
Gtk-Message: 20:53:55.893: Not loading module "atk-bridge": The functionality is provided by GTK natively. Please try to not load it.
[10216, Main Thread] WARNING: GTK+ module /snap/firefox/3626/gnome-platform/usr/lib/gtk-2.0/modules/libcanberra-gtk-module.so cannot be loaded.
GTK+ 2.x symbols detected. Using GTK+ 2.x and GTK+ 3 in the same process is not supported.: 'glib warning', file /build/firefox/parts/firefox/build/toolkit/xre/nsSigHandlers.cpp:187

(firefox:10216): Gtk-WARNING **: 20:53:55.942: GTK+ module /snap/firefox/3626/gnome-platform/usr/lib/gtk-2.0/modules/libcanberra-gtk-module.so cannot be loaded.
GTK+ 2.x symbols detected. Using GTK+ 2.x and GTK+ 3 in the same process is not supported.
Gtk-Message: 20:53:55.942: Failed to load module "canberra-gtk-module"
[10216, Main Thread] WARNING: GTK+ module /snap/firefox/3626/gnome-platform/usr/lib/gtk-2.0/modules/libcanberra-gtk-module.so cannot be loaded.
GTK+ 2.x symbols detected. Using GTK+ 2.x and GTK+ 3 in the same process is not supported.: 'glib warning', file /build/firefox/parts/firefox/build/toolkit/xre/nsSigHandlers.cpp:187

(firefox:10216): Gtk-WARNING **: 20:53:55.943: GTK+ module /snap/firefox/3626/gnome-platform/usr/lib/gtk-2.0/modules/libcanberra-gtk-module.so cannot be loaded.
GTK+ 2.x symbols detected. Using GTK+ 2.x and GTK+ 3 in the same process is not supported.
Gtk-Message: 20:53:55.943: Failed to load module "canberra-gtk-module"
console.warn: services.settings: Ignoring preference override of remote settings server
console.warn: services.settings: Allow by setting MOZ_REMOTE_SETTINGS_DEVTOOLS=1 in the environment
1706234036197	Marionette	INFO	Marionette enabled
console.error: "Warning: unrecognized command line flag" "-width"
console.error: "Warning: unrecognized command line flag" "-height"
1706234036290	Marionette	INFO	Listening on port 46017
WebDriver BiDi listening on ws://127.0.0.1:37685
Read port: 46017
1706234036450	RemoteAgent	WARN	TLS certificate errors will be ignored for this session
console.error: ({})
DevTools listening on ws://127.0.0.1:37685/devtools/browser/8a175776-0234-45ce-aace-3679a0b019cd
JavaScript warning: https://www.googletagmanager.com/gtag/js?id=G-8KV912KKGS&l=dataLayer&cx=c, line 133: Script terminated by timeout at:
l@https://www.googletagmanager.com/gtag/js?id=G-8KV912KKGS&l=dataLayer&cx=c:133:17
BA@https://www.googletagmanager.com/gtag/js?id=G-8KV912KKGS&l=dataLayer&cx=c:457:134
CA/<@https://www.googletagmanager.com/gtag/js?id=G-8KV912KKGS&l=dataLayer&cx=c:457:111

1706234059037	Marionette	INFO	Stopped listening on port 46017
1706234059317	geckodriver::marionette	ERROR	Failed to close browser connection: Transport endpoint is not connected (os error 107)
[ERROR glean_core] Can't persist ping lifetime data: Error { kind: Rkv(IoError(Os { code: 2, kind: NotFound, message: "No such file or directory" })) }
1706234077662	geckodriver	INFO	Listening on 127.0.0.1:43761
1706234078139	mozrunner::runner	INFO	Running command: MOZ_CRASHREPORTER="1" MOZ_CRASHREPORTER_NO_REPORT="1" MOZ_CRASHREPORTER_SHUTDOWN="1" MOZ_NO_REMOTE="1" "/sna ... 48" "--remote-debugging-port" "51135" "--remote-allow-hosts" "localhost" "-no-remote" "-profile" "/tmp/rust_mozprofileMcgaqY"
Gtk-Message: 20:54:38.153: Failed to load module "xapp-gtk3-module"
Gtk-Message: 20:54:38.153: Not loading module "atk-bridge": The functionality is provided by GTK natively. Please try to not load it.
[10779, Main Thread] WARNING: GTK+ module /snap/firefox/3626/gnome-platform/usr/lib/gtk-2.0/modules/libcanberra-gtk-module.so cannot be loaded.
GTK+ 2.x symbols detected. Using GTK+ 2.x and GTK+ 3 in the same process is not supported.: 'glib warning', file /build/firefox/parts/firefox/build/toolkit/xre/nsSigHandlers.cpp:187

(firefox:10779): Gtk-WARNING **: 20:54:38.191: GTK+ module /snap/firefox/3626/gnome-platform/usr/lib/gtk-2.0/modules/libcanberra-gtk-module.so cannot be loaded.
GTK+ 2.x symbols detected. Using GTK+ 2.x and GTK+ 3 in the same process is not supported.
Gtk-Message: 20:54:38.191: Failed to load module "canberra-gtk-module"
[10779, Main Thread] WARNING: GTK+ module /snap/firefox/3626/gnome-platform/usr/lib/gtk-2.0/modules/libcanberra-gtk-module.so cannot be loaded.
GTK+ 2.x symbols detected. Using GTK+ 2.x and GTK+ 3 in the same process is not supported.: 'glib warning', file /build/firefox/parts/firefox/build/toolkit/xre/nsSigHandlers.cpp:187

(firefox:10779): Gtk-WARNING **: 20:54:38.192: GTK+ module /snap/firefox/3626/gnome-platform/usr/lib/gtk-2.0/modules/libcanberra-gtk-module.so cannot be loaded.
GTK+ 2.x symbols detected. Using GTK+ 2.x and GTK+ 3 in the same process is not supported.
Gtk-Message: 20:54:38.192: Failed to load module "canberra-gtk-module"
console.warn: services.settings: Ignoring preference override of remote settings server
console.warn: services.settings: Allow by setting MOZ_REMOTE_SETTINGS_DEVTOOLS=1 in the environment
1706234078448	Marionette	INFO	Marionette enabled
console.error: "Warning: unrecognized command line flag" "-width"
console.error: "Warning: unrecognized command line flag" "-height"
1706234078539	Marionette	INFO	Listening on port 36857
WebDriver BiDi listening on ws://127.0.0.1:51135
Read port: 36857
1706234078690	RemoteAgent	WARN	TLS certificate errors will be ignored for this session
console.error: ({})
DevTools listening on ws://127.0.0.1:51135/devtools/browser/f7351aa3-352c-499c-9275-119d5122e2f5
console.error: "update.locale" " file doesn't exist in either the application or GRE directories"
1706234108464	addons.xpi	ERROR	System addon update list error SyntaxError: XMLHttpRequest.open: 'http://%(server)s/dummy-system-addons.xml' is not a valid URL.
JavaScript warning: https://challenges.cloudflare.com/cdn-cgi/challenge-platform/h/g/orchestrate/chl_api/v1?ray=84b522bb2c1b8dc6, line 1: WEBGL_debug_renderer_info is deprecated in Firefox and will be removed. Please use RENDERER.
console.warn: "Listener for event 'frame' did not return a promise."
console.error: "Unable to find target with innerWindowId:6442450945"
console.error: "Unable to find target with innerWindowId:6442450945"
console.warn: "Listener for event 'frame' did not return a promise."
console.warn: "Error while destroying front:" "inspector" (new Error("Connection closed, pending request to server0.conn0.windowGlobal17179869189/inspectorActor4, type getWalker failed\n\nRequest stack:\nrequest@resource://devtools/shared/protocol/Front.js:300:14\ngenerateRequestMethods/</frontProto[name]@resource://devtools/shared/protocol/Front/FrontClassWithSpec.js:47:19\n_getWalker@resource://devtools/client/fronts/inspector.js:84:30\ninitialize@resource://devtools/client/fronts/inspector.js:73:12\n", "resource://devtools/shared/protocol/Front.js", 106))
console.error: "Failed to start [root-node] legacy listener for target null" (new Error("Connection closed, pending request to server0.conn0.windowGlobal17179869189/inspectorActor4, type getWalker failed\n\nRequest stack:\nrequest@resource://devtools/shared/protocol/Front.js:300:14\ngenerateRequestMethods/</frontProto[name]@resource://devtools/shared/protocol/Front/FrontClassWithSpec.js:47:19\n_getWalker@resource://devtools/client/fronts/inspector.js:84:30\ninitialize@resource://devtools/client/fronts/inspector.js:73:12\n", "resource://devtools/shared/protocol/Front.js", 106))
JavaScript error: resource://devtools/shared/protocol/Front.js, line 106: Error: Connection closed, pending request to server0.conn0.windowGlobal17179869189/inspectorActor4, type getWalker failed

Request stack:
request@resource://devtools/shared/protocol/Front.js:300:14
generateRequestMethods/</frontProto[name]@resource://devtools/shared/protocol/Front/FrontClassWithSpec.js:47:19
_getWalker@resource://devtools/client/fronts/inspector.js:84:30
initialize@resource://devtools/client/fronts/inspector.js:73:12

JavaScript warning: https://challenges.cloudflare.com/cdn-cgi/challenge-platform/h/g/orchestrate/chl_api/v1?ray=84b5233ccbbb8dc6, line 1: WEBGL_debug_renderer_info is deprecated in Firefox and will be removed. Please use RENDERER.
console.warn: "Already started legacy listener for root-node on server0.conn0.windowGlobal6442450947/windowGlobalTarget2"
console.warn: "Already started legacy listener for root-node on server0.conn0.windowGlobal6442450951/windowGlobalTarget2"
JavaScript warning: https://challenges.cloudflare.com/cdn-cgi/challenge-platform/h/g/orchestrate/chl_api/v1?ray=84b5235eaf218dc6, line 1: WEBGL_debug_renderer_info is deprecated in Firefox and will be removed. Please use RENDERER.
JavaScript warning: https://challenges.cloudflare.com/cdn-cgi/challenge-platform/h/g/orchestrate/chl_api/v1?ray=84b525c81b9a31de, line 1: WEBGL_debug_renderer_info is deprecated in Firefox and will be removed. Please use RENDERER.
JavaScript warning: https://challenges.cloudflare.com/cdn-cgi/challenge-platform/h/g/orchestrate/chl_api/v1?ray=84b525f339db31de, line 1: WEBGL_debug_renderer_info is deprecated in Firefox and will be removed. Please use RENDERER.
JavaScript warning: https://challenges.cloudflare.com/cdn-cgi/challenge-platform/h/g/orchestrate/chl_api/v1?ray=84b526d498197430, line 1: WEBGL_debug_renderer_info is deprecated in Firefox and will be removed. Please use RENDERER.
JavaScript warning: https://challenges.cloudflare.com/cdn-cgi/challenge-platform/h/g/orchestrate/chl_api/v1?ray=84b5293c8bee9af2, line 1: WEBGL_debug_renderer_info is deprecated in Firefox and will be removed. Please use RENDERER.
JavaScript warning: https://challenges.cloudflare.com/cdn-cgi/challenge-platform/h/g/orchestrate/chl_api/v1?ray=84b529f0db329af2, line 1: WEBGL_debug_renderer_info is deprecated in Firefox and will be removed. Please use RENDERER.
JavaScript warning: https://challenges.cloudflare.com/cdn-cgi/challenge-platform/h/g/orchestrate/chl_api/v1?ray=84b52a432f239af2, line 1: WEBGL_debug_renderer_info is deprecated in Firefox and will be removed. Please use RENDERER.
JavaScript warning: https://challenges.cloudflare.com/cdn-cgi/challenge-platform/h/g/orchestrate/chl_api/v1?ray=84b52cb7f909d9d9, line 1: WEBGL_debug_renderer_info is deprecated in Firefox and will be removed. Please use RENDERER.
JavaScript warning: https://challenges.cloudflare.com/cdn-cgi/challenge-platform/h/g/orchestrate/chl_api/v1?ray=84b52d6249b6d9d9, line 1: WEBGL_debug_renderer_info is deprecated in Firefox and will be removed. Please use RENDERER.
JavaScript warning: https://challenges.cloudflare.com/cdn-cgi/challenge-platform/h/g/orchestrate/chl_api/v1?ray=84b52db45870d9d9, line 1: WEBGL_debug_renderer_info is deprecated in Firefox and will be removed. Please use RENDERER.
JavaScript warning: https://challenges.cloudflare.com/cdn-cgi/challenge-platform/h/g/orchestrate/chl_api/v1?ray=84b5302e8db12215, line 1: WEBGL_debug_renderer_info is deprecated in Firefox and will be removed. Please use RENDERER.
JavaScript warning: https://challenges.cloudflare.com/cdn-cgi/challenge-platform/h/g/orchestrate/chl_api/v1?ray=84b530d18e792215, line 1: WEBGL_debug_renderer_info is deprecated in Firefox and will be removed. Please use RENDERER.
JavaScript error: , line 0: NotFoundError: No such JSWindowActor 'DevToolsFrame'
JavaScript error: , line 0: NotFoundError: No such JSWindowActor 'DevToolsFrame'
JavaScript error: , line 0: NotFoundError: No such JSWindowActor 'DevToolsFrame'
JavaScript warning: https://challenges.cloudflare.com/cdn-cgi/challenge-platform/h/g/orchestrate/chl_api/v1?ray=84b5311daeef2215, line 1: WEBGL_debug_renderer_info is deprecated in Firefox and will be removed. Please use RENDERER.
JavaScript warning: https://challenges.cloudflare.com/cdn-cgi/challenge-platform/h/g/orchestrate/chl_api/v1?ray=84b5339d68a821b5, line 1: WEBGL_debug_renderer_info is deprecated in Firefox and will be removed. Please use RENDERER.
JavaScript warning: https://challenges.cloudflare.com/cdn-cgi/challenge-platform/h/g/orchestrate/chl_api/v1?ray=84b534873e8421b5, line 1: WEBGL_debug_renderer_info is deprecated in Firefox and will be removed. Please use RENDERER.
JavaScript warning: https://challenges.cloudflare.com/cdn-cgi/challenge-platform/h/g/orchestrate/chl_api/v1?ray=84b534e6089b21b5, line 1: WEBGL_debug_renderer_info is deprecated in Firefox and will be removed. Please use RENDERER.
console.error: "Unable to find target with innerWindowId:6442450945"
console.warn: "Listener for event 'frame' did not return a promise."
console.error: "Unable to find target with innerWindowId:6442450945"
console.error: "Unable to find target with innerWindowId:6442450945"
console.warn: "Listener for event 'frame' did not return a promise."
console.warn: "Error while destroying front:" "inspector" (new Error("Connection closed, pending request to server0.conn0.windowGlobal19327352983/inspectorActor4, type getWalker failed\n\nRequest stack:\nrequest@resource://devtools/shared/protocol/Front.js:300:14\ngenerateRequestMethods/</frontProto[name]@resource://devtools/shared/protocol/Front/FrontClassWithSpec.js:47:19\n_getWalker@resource://devtools/client/fronts/inspector.js:84:30\ninitialize@resource://devtools/client/fronts/inspector.js:73:12\n", "resource://devtools/shared/protocol/Front.js", 106))
console.error: "Failed to start [root-node] legacy listener for target null" (new Error("Connection closed, pending request to server0.conn0.windowGlobal19327352983/inspectorActor4, type getWalker failed\n\nRequest stack:\nrequest@resource://devtools/shared/protocol/Front.js:300:14\ngenerateRequestMethods/</frontProto[name]@resource://devtools/shared/protocol/Front/FrontClassWithSpec.js:47:19\n_getWalker@resource://devtools/client/fronts/inspector.js:84:30\ninitialize@resource://devtools/client/fronts/inspector.js:73:12\n", "resource://devtools/shared/protocol/Front.js", 106))
JavaScript error: resource://devtools/shared/protocol/Front.js, line 106: Error: Connection closed, pending request to server0.conn0.windowGlobal19327352983/inspectorActor4, type getWalker failed

Request stack:
request@resource://devtools/shared/protocol/Front.js:300:14
generateRequestMethods/</frontProto[name]@resource://devtools/shared/protocol/Front/FrontClassWithSpec.js:47:19
_getWalker@resource://devtools/client/fronts/inspector.js:84:30
initialize@resource://devtools/client/fronts/inspector.js:73:12

JavaScript warning: https://challenges.cloudflare.com/cdn-cgi/challenge-platform/h/g/orchestrate/chl_api/v1?ray=84b536a0887e0302, line 1: WEBGL_debug_renderer_info is deprecated in Firefox and will be removed. Please use RENDERER.
console.warn: "Listener for event 'frame' did not return a promise."
console.warn: "Error while destroying front:" "inspector" (new Error("Connection closed, pending request to server0.conn0.windowGlobal19327352985/inspectorActor4, type getWalker failed\n\nRequest stack:\nrequest@resource://devtools/shared/protocol/Front.js:300:14\ngenerateRequestMethods/</frontProto[name]@resource://devtools/shared/protocol/Front/FrontClassWithSpec.js:47:19\n_getWalker@resource://devtools/client/fronts/inspector.js:84:30\ninitialize@resource://devtools/client/fronts/inspector.js:73:12\n", "resource://devtools/shared/protocol/Front.js", 106))
console.error: "Failed to start [root-node] legacy listener for target null" (new Error("Connection closed, pending request to server0.conn0.windowGlobal19327352985/inspectorActor4, type getWalker failed\n\nRequest stack:\nrequest@resource://devtools/shared/protocol/Front.js:300:14\ngenerateRequestMethods/</frontProto[name]@resource://devtools/shared/protocol/Front/FrontClassWithSpec.js:47:19\n_getWalker@resource://devtools/client/fronts/inspector.js:84:30\ninitialize@resource://devtools/client/fronts/inspector.js:73:12\n", "resource://devtools/shared/protocol/Front.js", 106))
JavaScript error: resource://devtools/shared/protocol/Front.js, line 106: Error: Connection closed, pending request to server0.conn0.windowGlobal19327352985/inspectorActor4, type getWalker failed

Request stack:
request@resource://devtools/shared/protocol/Front.js:300:14
generateRequestMethods/</frontProto[name]@resource://devtools/shared/protocol/Front/FrontClassWithSpec.js:47:19
_getWalker@resource://devtools/client/fronts/inspector.js:84:30
initialize@resource://devtools/client/fronts/inspector.js:73:12

console.warn: "Already started legacy listener for root-node on server0.conn0.windowGlobal6442450947/windowGlobalTarget2"
console.warn: "Already started legacy listener for root-node on server0.conn0.windowGlobal6442450951/windowGlobalTarget2"
JavaScript warning: https://challenges.cloudflare.com/cdn-cgi/challenge-platform/h/g/orchestrate/chl_api/v1?ray=84b5370fbe2b0302, line 1: WEBGL_debug_renderer_info is deprecated in Firefox and will be removed. Please use RENDERER.
JavaScript warning: https://challenges.cloudflare.com/cdn-cgi/challenge-platform/h/g/orchestrate/chl_api/v1?ray=84b5380ace5321ca, line 1: WEBGL_debug_renderer_info is deprecated in Firefox and will be removed. Please use RENDERER.
JavaScript warning: https://challenges.cloudflare.com/cdn-cgi/challenge-platform/h/g/orchestrate/chl_api/v1?ray=84b5385cfb5221ca, line 1: WEBGL_debug_renderer_info is deprecated in Firefox and will be removed. Please use RENDERER.
console.error: (new TypeError("parent is null", "resource://devtools/client/inspector/shared/style-change-tracker.js", 67))
TypeError: parent is null: canMutationImpactCurrentStyles@resource://devtools/client/inspector/shared/style-change-tracker.js:67:24
onMutations@resource://devtools/client/inspector/shared/style-change-tracker.js:84:41
_emit@resource://devtools/shared/event-emitter.js:242:32
emit@resource://devtools/shared/event-emitter.js:186:18
emit@resource://devtools/shared/event-emitter.js:330:18
getMutations@resource://devtools/client/fronts/walker.js:309:10

JavaScript warning: https://challenges.cloudflare.com/cdn-cgi/challenge-platform/h/g/orchestrate/chl_api/v1?ray=84b53a8208bf4c01, line 1: WEBGL_debug_renderer_info is deprecated in Firefox and will be removed. Please use RENDERER.
console.error: (new TypeError("parent is null", "resource://devtools/client/inspector/shared/style-change-tracker.js", 67))
TypeError: parent is null: canMutationImpactCurrentStyles@resource://devtools/client/inspector/shared/style-change-tracker.js:67:24
onMutations@resource://devtools/client/inspector/shared/style-change-tracker.js:84:41
_emit@resource://devtools/shared/event-emitter.js:242:32
emit@resource://devtools/shared/event-emitter.js:186:18
emit@resource://devtools/shared/event-emitter.js:330:18
getMutations@resource://devtools/client/fronts/walker.js:309:10

JavaScript error: , line 0: NotFoundError: No such JSWindowActor 'DevToolsFrame'
JavaScript error: , line 0: NotFoundError: No such JSWindowActor 'DevToolsFrame'
JavaScript error: , line 0: NotFoundError: No such JSWindowActor 'DevToolsFrame'
JavaScript warning: https://challenges.cloudflare.com/cdn-cgi/challenge-platform/h/g/orchestrate/chl_api/v1?ray=84b53b7a9818033d, line 1: WEBGL_debug_renderer_info is deprecated in Firefox and will be removed. Please use RENDERER.
JavaScript warning: https://challenges.cloudflare.com/cdn-cgi/challenge-platform/h/g/orchestrate/chl_api/v1?ray=84b53bd2fa02033d, line 1: WEBGL_debug_renderer_info is deprecated in Firefox and will be removed. Please use RENDERER.
JavaScript warning: https://challenges.cloudflare.com/cdn-cgi/challenge-platform/h/g/orchestrate/chl_api/v1?ray=84b53d94be2331d2, line 1: WEBGL_debug_renderer_info is deprecated in Firefox and will be removed. Please use RENDERER.
JavaScript warning: https://challenges.cloudflare.com/cdn-cgi/challenge-platform/h/g/orchestrate/chl_api/v1?ray=84b53e02caaa31d2, line 1: WEBGL_debug_renderer_info is deprecated in Firefox and will be removed. Please use RENDERER.
JavaScript warning: https://challenges.cloudflare.com/cdn-cgi/challenge-platform/h/g/orchestrate/chl_api/v1?ray=84b53ef129fa31d7, line 1: WEBGL_debug_renderer_info is deprecated in Firefox and will be removed. Please use RENDERER.
JavaScript warning: https://challenges.cloudflare.com/cdn-cgi/challenge-platform/h/g/orchestrate/chl_api/v1?ray=84b53f5e9c9d31d7, line 1: WEBGL_debug_renderer_info is deprecated in Firefox and will be removed. Please use RENDERER.
JavaScript warning: https://www.googletagmanager.com/gtag/js?id=G-8KV912KKGS&l=dataLayer&cx=c, line 133: Script terminated by timeout at:
l@https://www.googletagmanager.com/gtag/js?id=G-8KV912KKGS&l=dataLayer&cx=c:133:17
BA/<@https://www.googletagmanager.com/gtag/js?id=G-8KV912KKGS&l=dataLayer&cx=c:457:167
l@https://www.googletagmanager.com/gtag/js?id=G-8KV912KKGS&l=dataLayer&cx=c:133:62
BA@https://www.googletagmanager.com/gtag/js?id=G-8KV912KKGS&l=dataLayer&cx=c:457:134
CA/<@https://www.googletagmanager.com/gtag/js?id=G-8KV912KKGS&l=dataLayer&cx=c:457:111

1706235339702	Marionette	INFO	Stopped listening on port 36857
1706235346319	geckodriver::marionette	ERROR	Failed to close browser connection: Transport endpoint is not connected (os error 107)
1706235369709	geckodriver	INFO	Listening on 127.0.0.1:49605
1706235370186	mozrunner::runner	INFO	Running command: MOZ_CRASHREPORTER="1" MOZ_CRASHREPORTER_NO_REPORT="1" MOZ_CRASHREPORTER_SHUTDOWN="1" MOZ_NO_REMOTE="1" "/sna ... 48" "--remote-debugging-port" "54613" "--remote-allow-hosts" "localhost" "-no-remote" "-profile" "/tmp/rust_mozprofile15z64M"
Gtk-Message: 21:16:10.199: Failed to load module "xapp-gtk3-module"
Gtk-Message: 21:16:10.199: Not loading module "atk-bridge": The functionality is provided by GTK natively. Please try to not load it.
[12342, Main Thread] WARNING: GTK+ module /snap/firefox/3626/gnome-platform/usr/lib/gtk-2.0/modules/libcanberra-gtk-module.so cannot be loaded.
GTK+ 2.x symbols detected. Using GTK+ 2.x and GTK+ 3 in the same process is not supported.: 'glib warning', file /build/firefox/parts/firefox/build/toolkit/xre/nsSigHandlers.cpp:187

(firefox:12342): Gtk-WARNING **: 21:16:10.238: GTK+ module /snap/firefox/3626/gnome-platform/usr/lib/gtk-2.0/modules/libcanberra-gtk-module.so cannot be loaded.
GTK+ 2.x symbols detected. Using GTK+ 2.x and GTK+ 3 in the same process is not supported.
Gtk-Message: 21:16:10.238: Failed to load module "canberra-gtk-module"
[12342, Main Thread] WARNING: GTK+ module /snap/firefox/3626/gnome-platform/usr/lib/gtk-2.0/modules/libcanberra-gtk-module.so cannot be loaded.
GTK+ 2.x symbols detected. Using GTK+ 2.x and GTK+ 3 in the same process is not supported.: 'glib warning', file /build/firefox/parts/firefox/build/toolkit/xre/nsSigHandlers.cpp:187

(firefox:12342): Gtk-WARNING **: 21:16:10.238: GTK+ module /snap/firefox/3626/gnome-platform/usr/lib/gtk-2.0/modules/libcanberra-gtk-module.so cannot be loaded.
GTK+ 2.x symbols detected. Using GTK+ 2.x and GTK+ 3 in the same process is not supported.
Gtk-Message: 21:16:10.238: Failed to load module "canberra-gtk-module"
console.warn: services.settings: Ignoring preference override of remote settings server
console.warn: services.settings: Allow by setting MOZ_REMOTE_SETTINGS_DEVTOOLS=1 in the environment
1706235370542	Marionette	INFO	Marionette enabled
console.error: "Warning: unrecognized command line flag" "-width"
console.error: "Warning: unrecognized command line flag" "-height"
1706235370651	Marionette	INFO	Listening on port 45477
WebDriver BiDi listening on ws://127.0.0.1:54613
Read port: 45477
1706235370818	RemoteAgent	WARN	TLS certificate errors will be ignored for this session
console.error: ({})
DevTools listening on ws://127.0.0.1:54613/devtools/browser/6553a6c4-0b24-459a-a7ab-5df4f63ac221
console.error: "update.locale" " file doesn't exist in either the application or GRE directories"
1706235400564	addons.xpi	ERROR	System addon update list error SyntaxError: XMLHttpRequest.open: 'http://%(server)s/dummy-system-addons.xml' is not a valid URL.
1706235589030	Marionette	INFO	Stopped listening on port 45477
1706235592498	geckodriver	INFO	Listening on 127.0.0.1:37019
1706235592978	mozrunner::runner	INFO	Running command: MOZ_CRASHREPORTER="1" MOZ_CRASHREPORTER_NO_REPORT="1" MOZ_CRASHREPORTER_SHUTDOWN="1" MOZ_NO_REMOTE="1" "/sna ... 48" "--remote-debugging-port" "54367" "--remote-allow-hosts" "localhost" "-no-remote" "-profile" "/tmp/rust_mozprofilewASof5"
Gtk-Message: 21:19:52.991: Failed to load module "xapp-gtk3-module"
Gtk-Message: 21:19:52.991: Not loading module "atk-bridge": The functionality is provided by GTK natively. Please try to not load it.
[12945, Main Thread] WARNING: GTK+ module /snap/firefox/3626/gnome-platform/usr/lib/gtk-2.0/modules/libcanberra-gtk-module.so cannot be loaded.
GTK+ 2.x symbols detected. Using GTK+ 2.x and GTK+ 3 in the same process is not supported.: 'glib warning', file /build/firefox/parts/firefox/build/toolkit/xre/nsSigHandlers.cpp:187

(firefox:12945): Gtk-WARNING **: 21:19:53.026: GTK+ module /snap/firefox/3626/gnome-platform/usr/lib/gtk-2.0/modules/libcanberra-gtk-module.so cannot be loaded.
GTK+ 2.x symbols detected. Using GTK+ 2.x and GTK+ 3 in the same process is not supported.
Gtk-Message: 21:19:53.026: Failed to load module "canberra-gtk-module"
[12945, Main Thread] WARNING: GTK+ module /snap/firefox/3626/gnome-platform/usr/lib/gtk-2.0/modules/libcanberra-gtk-module.so cannot be loaded.
GTK+ 2.x symbols detected. Using GTK+ 2.x and GTK+ 3 in the same process is not supported.: 'glib warning', file /build/firefox/parts/firefox/build/toolkit/xre/nsSigHandlers.cpp:187

(firefox:12945): Gtk-WARNING **: 21:19:53.026: GTK+ module /snap/firefox/3626/gnome-platform/usr/lib/gtk-2.0/modules/libcanberra-gtk-module.so cannot be loaded.
GTK+ 2.x symbols detected. Using GTK+ 2.x and GTK+ 3 in the same process is not supported.
Gtk-Message: 21:19:53.026: Failed to load module "canberra-gtk-module"
console.warn: services.settings: Ignoring preference override of remote settings server
console.warn: services.settings: Allow by setting MOZ_REMOTE_SETTINGS_DEVTOOLS=1 in the environment
1706235593314	Marionette	INFO	Marionette enabled
console.error: "Warning: unrecognized command line flag" "-width"
console.error: "Warning: unrecognized command line flag" "-height"
1706235593420	Marionette	INFO	Listening on port 39891
WebDriver BiDi listening on ws://127.0.0.1:54367
Read port: 39891
1706235593583	RemoteAgent	WARN	TLS certificate errors will be ignored for this session
console.error: ({})
DevTools listening on ws://127.0.0.1:54367/devtools/browser/0ad1b3d0-d3fb-4da7-b8bc-ed0dd62983d1
console.error: "update.locale" " file doesn't exist in either the application or GRE directories"
1706235623406	addons.xpi	ERROR	System addon update list error SyntaxError: XMLHttpRequest.open: 'http://%(server)s/dummy-system-addons.xml' is not a valid URL.
1706235652840	geckodriver	INFO	Listening on 127.0.0.1:57675
1706235653314	mozrunner::runner	INFO	Running command: MOZ_CRASHREPORTER="1" MOZ_CRASHREPORTER_NO_REPORT="1" MOZ_CRASHREPORTER_SHUTDOWN="1" MOZ_NO_REMOTE="1" "/sna ... 48" "--remote-debugging-port" "40067" "--remote-allow-hosts" "localhost" "-no-remote" "-profile" "/tmp/rust_mozprofileBrbqYE"
Gtk-Message: 21:20:53.324: Failed to load module "xapp-gtk3-module"
Gtk-Message: 21:20:53.325: Not loading module "atk-bridge": The functionality is provided by GTK natively. Please try to not load it.
[13487, Main Thread] WARNING: GTK+ module /snap/firefox/3626/gnome-platform/usr/lib/gtk-2.0/modules/libcanberra-gtk-module.so cannot be loaded.
GTK+ 2.x symbols detected. Using GTK+ 2.x and GTK+ 3 in the same process is not supported.: 'glib warning', file /build/firefox/parts/firefox/build/toolkit/xre/nsSigHandlers.cpp:187

(firefox:13487): Gtk-WARNING **: 21:20:53.362: GTK+ module /snap/firefox/3626/gnome-platform/usr/lib/gtk-2.0/modules/libcanberra-gtk-module.so cannot be loaded.
GTK+ 2.x symbols detected. Using GTK+ 2.x and GTK+ 3 in the same process is not supported.
Gtk-Message: 21:20:53.362: Failed to load module "canberra-gtk-module"
[13487, Main Thread] WARNING: GTK+ module /snap/firefox/3626/gnome-platform/usr/lib/gtk-2.0/modules/libcanberra-gtk-module.so cannot be loaded.
GTK+ 2.x symbols detected. Using GTK+ 2.x and GTK+ 3 in the same process is not supported.: 'glib warning', file /build/firefox/parts/firefox/build/toolkit/xre/nsSigHandlers.cpp:187

(firefox:13487): Gtk-WARNING **: 21:20:53.363: GTK+ module /snap/firefox/3626/gnome-platform/usr/lib/gtk-2.0/modules/libcanberra-gtk-module.so cannot be loaded.
GTK+ 2.x symbols detected. Using GTK+ 2.x and GTK+ 3 in the same process is not supported.
Gtk-Message: 21:20:53.363: Failed to load module "canberra-gtk-module"
console.warn: services.settings: Ignoring preference override of remote settings server
console.warn: services.settings: Allow by setting MOZ_REMOTE_SETTINGS_DEVTOOLS=1 in the environment
1706235653626	Marionette	INFO	Marionette enabled
console.error: "Warning: unrecognized command line flag" "-width"
console.error: "Warning: unrecognized command line flag" "-height"
1706235653764	Marionette	INFO	Listening on port 40503
WebDriver BiDi listening on ws://127.0.0.1:40067
Read port: 40503
1706235653890	RemoteAgent	WARN	TLS certificate errors will be ignored for this session
console.error: ({})
DevTools listening on ws://127.0.0.1:40067/devtools/browser/c71d799a-66e5-47f8-a75b-1a7654d83855
console.error: "update.locale" " file doesn't exist in either the application or GRE directories"
1706235683643	addons.xpi	ERROR	System addon update list error SyntaxError: XMLHttpRequest.open: 'http://%(server)s/dummy-system-addons.xml' is not a valid URL.
1706235687833	geckodriver	INFO	Listening on 127.0.0.1:51905
1706235688314	mozrunner::runner	INFO	Running command: MOZ_CRASHREPORTER="1" MOZ_CRASHREPORTER_NO_REPORT="1" MOZ_CRASHREPORTER_SHUTDOWN="1" MOZ_NO_REMOTE="1" "/sna ... 48" "--remote-debugging-port" "59973" "--remote-allow-hosts" "localhost" "-no-remote" "-profile" "/tmp/rust_mozprofileeGSQuY"
Gtk-Message: 21:21:28.328: Failed to load module "xapp-gtk3-module"
Gtk-Message: 21:21:28.329: Not loading module "atk-bridge": The functionality is provided by GTK natively. Please try to not load it.
[14029, Main Thread] WARNING: GTK+ module /snap/firefox/3626/gnome-platform/usr/lib/gtk-2.0/modules/libcanberra-gtk-module.so cannot be loaded.
GTK+ 2.x symbols detected. Using GTK+ 2.x and GTK+ 3 in the same process is not supported.: 'glib warning', file /build/firefox/parts/firefox/build/toolkit/xre/nsSigHandlers.cpp:187

(firefox:14029): Gtk-WARNING **: 21:21:28.390: GTK+ module /snap/firefox/3626/gnome-platform/usr/lib/gtk-2.0/modules/libcanberra-gtk-module.so cannot be loaded.
GTK+ 2.x symbols detected. Using GTK+ 2.x and GTK+ 3 in the same process is not supported.
Gtk-Message: 21:21:28.390: Failed to load module "canberra-gtk-module"
[14029, Main Thread] WARNING: GTK+ module /snap/firefox/3626/gnome-platform/usr/lib/gtk-2.0/modules/libcanberra-gtk-module.so cannot be loaded.
GTK+ 2.x symbols detected. Using GTK+ 2.x and GTK+ 3 in the same process is not supported.: 'glib warning', file /build/firefox/parts/firefox/build/toolkit/xre/nsSigHandlers.cpp:187

(firefox:14029): Gtk-WARNING **: 21:21:28.392: GTK+ module /snap/firefox/3626/gnome-platform/usr/lib/gtk-2.0/modules/libcanberra-gtk-module.so cannot be loaded.
GTK+ 2.x symbols detected. Using GTK+ 2.x and GTK+ 3 in the same process is not supported.
Gtk-Message: 21:21:28.392: Failed to load module "canberra-gtk-module"
console.warn: services.settings: Ignoring preference override of remote settings server
console.warn: services.settings: Allow by setting MOZ_REMOTE_SETTINGS_DEVTOOLS=1 in the environment
1706235688651	Marionette	INFO	Marionette enabled
console.error: "Warning: unrecognized command line flag" "-width"
console.error: "Warning: unrecognized command line flag" "-height"
1706235688757	Marionette	INFO	Listening on port 41877
WebDriver BiDi listening on ws://127.0.0.1:59973
Read port: 41877
1706235688887	RemoteAgent	WARN	TLS certificate errors will be ignored for this session
console.error: ({})
DevTools listening on ws://127.0.0.1:59973/devtools/browser/27308482-0de2-41a3-b9ea-5ecaf54b1abc
1706235691914	geckodriver	INFO	Listening on 127.0.0.1:51267
1706235692390	mozrunner::runner	INFO	Running command: MOZ_CRASHREPORTER="1" MOZ_CRASHREPORTER_NO_REPORT="1" MOZ_CRASHREPORTER_SHUTDOWN="1" MOZ_NO_REMOTE="1" "/sna ... 48" "--remote-debugging-port" "44349" "--remote-allow-hosts" "localhost" "-no-remote" "-profile" "/tmp/rust_mozprofile2YfhUT"
Gtk-Message: 21:21:32.405: Failed to load module "xapp-gtk3-module"
Gtk-Message: 21:21:32.405: Not loading module "atk-bridge": The functionality is provided by GTK natively. Please try to not load it.
[14515, Main Thread] WARNING: GTK+ module /snap/firefox/3626/gnome-platform/usr/lib/gtk-2.0/modules/libcanberra-gtk-module.so cannot be loaded.
GTK+ 2.x symbols detected. Using GTK+ 2.x and GTK+ 3 in the same process is not supported.: 'glib warning', file /build/firefox/parts/firefox/build/toolkit/xre/nsSigHandlers.cpp:187

(firefox:14515): Gtk-WARNING **: 21:21:32.444: GTK+ module /snap/firefox/3626/gnome-platform/usr/lib/gtk-2.0/modules/libcanberra-gtk-module.so cannot be loaded.
GTK+ 2.x symbols detected. Using GTK+ 2.x and GTK+ 3 in the same process is not supported.
Gtk-Message: 21:21:32.444: Failed to load module "canberra-gtk-module"
[14515, Main Thread] WARNING: GTK+ module /snap/firefox/3626/gnome-platform/usr/lib/gtk-2.0/modules/libcanberra-gtk-module.so cannot be loaded.
GTK+ 2.x symbols detected. Using GTK+ 2.x and GTK+ 3 in the same process is not supported.: 'glib warning', file /build/firefox/parts/firefox/build/toolkit/xre/nsSigHandlers.cpp:187

(firefox:14515): Gtk-WARNING **: 21:21:32.445: GTK+ module /snap/firefox/3626/gnome-platform/usr/lib/gtk-2.0/modules/libcanberra-gtk-module.so cannot be loaded.
GTK+ 2.x symbols detected. Using GTK+ 2.x and GTK+ 3 in the same process is not supported.
Gtk-Message: 21:21:32.445: Failed to load module "canberra-gtk-module"
console.warn: services.settings: Ignoring preference override of remote settings server
console.warn: services.settings: Allow by setting MOZ_REMOTE_SETTINGS_DEVTOOLS=1 in the environment
1706235692699	Marionette	INFO	Marionette enabled
console.error: "Warning: unrecognized command line flag" "-width"
console.error: "Warning: unrecognized command line flag" "-height"
1706235692810	Marionette	INFO	Listening on port 41611
WebDriver BiDi listening on ws://127.0.0.1:44349
Read port: 41611
1706235692980	RemoteAgent	WARN	TLS certificate errors will be ignored for this session
console.error: ({})
DevTools listening on ws://127.0.0.1:44349/devtools/browser/0e5c0120-92c6-4ab7-bde6-dbdd22cfe989
console.error: "update.locale" " file doesn't exist in either the application or GRE directories"
1706235720233	addons.xpi	ERROR	System addon update list error SyntaxError: XMLHttpRequest.open: 'http://%(server)s/dummy-system-addons.xml' is not a valid URL.
console.error: "update.locale" " file doesn't exist in either the application or GRE directories"
1706235723471	addons.xpi	ERROR	System addon update list error SyntaxError: XMLHttpRequest.open: 'http://%(server)s/dummy-system-addons.xml' is not a valid URL.
JavaScript error: , line 0: NotFoundError: No such JSWindowActor 'DevToolsFrame'
JavaScript error: , line 0: NotFoundError: No such JSWindowActor 'DevToolsFrame'
JavaScript error: , line 0: NotFoundError: No such JSWindowActor 'DevToolsFrame'
1706236018622	Marionette	INFO	Stopped listening on port 41611
JavaScript error: , line 0: NotFoundError: No such JSWindowActor 'DevToolsFrame'
JavaScript error: , line 0: NotFoundError: No such JSWindowActor 'DevToolsFrame'
JavaScript error: , line 0: NotFoundError: No such JSWindowActor 'DevToolsFrame'
1706236035889	geckodriver	INFO	Listening on 127.0.0.1:59233
1706236036365	mozrunner::runner	INFO	Running command: MOZ_CRASHREPORTER="1" MOZ_CRASHREPORTER_NO_REPORT="1" MOZ_CRASHREPORTER_SHUTDOWN="1" MOZ_NO_REMOTE="1" "/sna ... 48" "--remote-debugging-port" "38007" "--remote-allow-hosts" "localhost" "-no-remote" "-profile" "/tmp/rust_mozprofileVCeB0s"
Gtk-Message: 21:27:16.380: Failed to load module "xapp-gtk3-module"
Gtk-Message: 21:27:16.380: Not loading module "atk-bridge": The functionality is provided by GTK natively. Please try to not load it.
[15193, Main Thread] WARNING: GTK+ module /snap/firefox/3626/gnome-platform/usr/lib/gtk-2.0/modules/libcanberra-gtk-module.so cannot be loaded.
GTK+ 2.x symbols detected. Using GTK+ 2.x and GTK+ 3 in the same process is not supported.: 'glib warning', file /build/firefox/parts/firefox/build/toolkit/xre/nsSigHandlers.cpp:187

(firefox:15193): Gtk-WARNING **: 21:27:16.428: GTK+ module /snap/firefox/3626/gnome-platform/usr/lib/gtk-2.0/modules/libcanberra-gtk-module.so cannot be loaded.
GTK+ 2.x symbols detected. Using GTK+ 2.x and GTK+ 3 in the same process is not supported.
Gtk-Message: 21:27:16.428: Failed to load module "canberra-gtk-module"
[15193, Main Thread] WARNING: GTK+ module /snap/firefox/3626/gnome-platform/usr/lib/gtk-2.0/modules/libcanberra-gtk-module.so cannot be loaded.
GTK+ 2.x symbols detected. Using GTK+ 2.x and GTK+ 3 in the same process is not supported.: 'glib warning', file /build/firefox/parts/firefox/build/toolkit/xre/nsSigHandlers.cpp:187

(firefox:15193): Gtk-WARNING **: 21:27:16.429: GTK+ module /snap/firefox/3626/gnome-platform/usr/lib/gtk-2.0/modules/libcanberra-gtk-module.so cannot be loaded.
GTK+ 2.x symbols detected. Using GTK+ 2.x and GTK+ 3 in the same process is not supported.
Gtk-Message: 21:27:16.429: Failed to load module "canberra-gtk-module"
console.warn: services.settings: Ignoring preference override of remote settings server
console.warn: services.settings: Allow by setting MOZ_REMOTE_SETTINGS_DEVTOOLS=1 in the environment
1706236036709	Marionette	INFO	Marionette enabled
console.error: "Warning: unrecognized command line flag" "-width"
console.error: "Warning: unrecognized command line flag" "-height"
1706236036806	Marionette	INFO	Listening on port 43765
WebDriver BiDi listening on ws://127.0.0.1:38007
Read port: 43765
1706236036934	RemoteAgent	WARN	TLS certificate errors will be ignored for this session
console.error: ({})
DevTools listening on ws://127.0.0.1:38007/devtools/browser/dfd8039a-c180-4c60-be78-a070f0cbbb1d
1706236065932	Marionette	INFO	Stopped listening on port 43765
JavaScript warning: https://script.hotjar.com/modules.0c2aac1b2d1ba79f2a01.js, line 2: Script terminated by timeout at:
e<@https://script.hotjar.com/modules.0c2aac1b2d1ba79f2a01.js:2:68765

1706236075750	geckodriver	INFO	Listening on 127.0.0.1:35619
1706236076230	mozrunner::runner	INFO	Running command: MOZ_CRASHREPORTER="1" MOZ_CRASHREPORTER_NO_REPORT="1" MOZ_CRASHREPORTER_SHUTDOWN="1" MOZ_NO_REMOTE="1" "/sna ... 48" "--remote-debugging-port" "36633" "--remote-allow-hosts" "localhost" "-no-remote" "-profile" "/tmp/rust_mozprofileWD2vwt"
Gtk-Message: 21:27:56.245: Failed to load module "xapp-gtk3-module"
Gtk-Message: 21:27:56.245: Not loading module "atk-bridge": The functionality is provided by GTK natively. Please try to not load it.
[15756, Main Thread] WARNING: GTK+ module /snap/firefox/3626/gnome-platform/usr/lib/gtk-2.0/modules/libcanberra-gtk-module.so cannot be loaded.
GTK+ 2.x symbols detected. Using GTK+ 2.x and GTK+ 3 in the same process is not supported.: 'glib warning', file /build/firefox/parts/firefox/build/toolkit/xre/nsSigHandlers.cpp:187

(firefox:15756): Gtk-WARNING **: 21:27:56.293: GTK+ module /snap/firefox/3626/gnome-platform/usr/lib/gtk-2.0/modules/libcanberra-gtk-module.so cannot be loaded.
GTK+ 2.x symbols detected. Using GTK+ 2.x and GTK+ 3 in the same process is not supported.
Gtk-Message: 21:27:56.293: Failed to load module "canberra-gtk-module"
[15756, Main Thread] WARNING: GTK+ module /snap/firefox/3626/gnome-platform/usr/lib/gtk-2.0/modules/libcanberra-gtk-module.so cannot be loaded.
GTK+ 2.x symbols detected. Using GTK+ 2.x and GTK+ 3 in the same process is not supported.: 'glib warning', file /build/firefox/parts/firefox/build/toolkit/xre/nsSigHandlers.cpp:187

(firefox:15756): Gtk-WARNING **: 21:27:56.294: GTK+ module /snap/firefox/3626/gnome-platform/usr/lib/gtk-2.0/modules/libcanberra-gtk-module.so cannot be loaded.
GTK+ 2.x symbols detected. Using GTK+ 2.x and GTK+ 3 in the same process is not supported.
Gtk-Message: 21:27:56.294: Failed to load module "canberra-gtk-module"
console.warn: services.settings: Ignoring preference override of remote settings server
console.warn: services.settings: Allow by setting MOZ_REMOTE_SETTINGS_DEVTOOLS=1 in the environment
1706236076609	Marionette	INFO	Marionette enabled
console.error: "Warning: unrecognized command line flag" "-width"
console.error: "Warning: unrecognized command line flag" "-height"
1706236076728	Marionette	INFO	Listening on port 43685
Read port: 43685
WebDriver BiDi listening on ws://127.0.0.1:36633
1706236076807	RemoteAgent	WARN	TLS certificate errors will be ignored for this session
console.error: ({})
DevTools listening on ws://127.0.0.1:36633/devtools/browser/4e1023db-c50f-4ffe-bae6-5423ffff15aa
console.error: "update.locale" " file doesn't exist in either the application or GRE directories"
1706236106621	addons.xpi	ERROR	System addon update list error SyntaxError: XMLHttpRequest.open: 'http://%(server)s/dummy-system-addons.xml' is not a valid URL.
1706236137524	Marionette	INFO	Stopped listening on port 43685
JavaScript warning: https://script.hotjar.com/modules.0c2aac1b2d1ba79f2a01.js, line 2: Script terminated by timeout at:
e<@https://script.hotjar.com/modules.0c2aac1b2d1ba79f2a01.js:2:68765

*** UTM:SVC TimerManager:registerTimer called after profile-before-change notification. Ignoring timer registration for id: telemetry_modules_ping
1706236142801	Marionette	INFO	Stopped listening on port 41877
JavaScript warning: https://www.googletagmanager.com/gtag/js?id=G-8KV912KKGS&l=dataLayer&cx=c, line 133: Script terminated by timeout at:
l@https://www.googletagmanager.com/gtag/js?id=G-8KV912KKGS&l=dataLayer&cx=c:133:17
BA@https://www.googletagmanager.com/gtag/js?id=G-8KV912KKGS&l=dataLayer&cx=c:457:134
CA/<@https://www.googletagmanager.com/gtag/js?id=G-8KV912KKGS&l=dataLayer&cx=c:457:111

1706236148637	Marionette	INFO	Stopped listening on port 40503
JavaScript warning: https://www.googletagmanager.com/gtag/js?id=G-0CQVK3G0FT&l=dataLayer&cx=c, line 495: Script terminated by timeout at:
ba.wh@https://www.googletagmanager.com/gtag/js?id=G-0CQVK3G0FT&l=dataLayer&cx=c:495:89
get@https://www.googletagmanager.com/gtag/js?id=G-0CQVK3G0FT&l=dataLayer&cx=c:493:119
ba.Jf@https://www.googletagmanager.com/gtag/js?id=G-0CQVK3G0FT&l=dataLayer&cx=c:495:172
wG/<@https://www.googletagmanager.com/gtag/js?id=G-0CQVK3G0FT&l=dataLayer&cx=c:543:157
ba.Ok/<@https://www.googletagmanager.com/gtag/js?id=G-0CQVK3G0FT&l=dataLayer&cx=c:494:126
ba.Ok/c/<@https://www.googletagmanager.com/gtag/js?id=G-0CQVK3G0FT&l=dataLayer&cx=c:493:420

1706236152947	Marionette	INFO	Stopped listening on port 39891
1706236159082	geckodriver	INFO	Listening on 127.0.0.1:36389
1706236159558	mozrunner::runner	INFO	Running command: MOZ_CRASHREPORTER="1" MOZ_CRASHREPORTER_NO_REPORT="1" MOZ_CRASHREPORTER_SHUTDOWN="1" MOZ_NO_REMOTE="1" "/sna ... 48" "--remote-debugging-port" "44211" "--remote-allow-hosts" "localhost" "-no-remote" "-profile" "/tmp/rust_mozprofile6AieEo"
Gtk-Message: 21:29:19.571: Failed to load module "xapp-gtk3-module"
Gtk-Message: 21:29:19.572: Not loading module "atk-bridge": The functionality is provided by GTK natively. Please try to not load it.
[16409, Main Thread] WARNING: GTK+ module /snap/firefox/3626/gnome-platform/usr/lib/gtk-2.0/modules/libcanberra-gtk-module.so cannot be loaded.
GTK+ 2.x symbols detected. Using GTK+ 2.x and GTK+ 3 in the same process is not supported.: 'glib warning', file /build/firefox/parts/firefox/build/toolkit/xre/nsSigHandlers.cpp:187

(firefox:16409): Gtk-WARNING **: 21:29:19.623: GTK+ module /snap/firefox/3626/gnome-platform/usr/lib/gtk-2.0/modules/libcanberra-gtk-module.so cannot be loaded.
GTK+ 2.x symbols detected. Using GTK+ 2.x and GTK+ 3 in the same process is not supported.
Gtk-Message: 21:29:19.623: Failed to load module "canberra-gtk-module"
[16409, Main Thread] WARNING: GTK+ module /snap/firefox/3626/gnome-platform/usr/lib/gtk-2.0/modules/libcanberra-gtk-module.so cannot be loaded.
GTK+ 2.x symbols detected. Using GTK+ 2.x and GTK+ 3 in the same process is not supported.: 'glib warning', file /build/firefox/parts/firefox/build/toolkit/xre/nsSigHandlers.cpp:187

(firefox:16409): Gtk-WARNING **: 21:29:19.624: GTK+ module /snap/firefox/3626/gnome-platform/usr/lib/gtk-2.0/modules/libcanberra-gtk-module.so cannot be loaded.
GTK+ 2.x symbols detected. Using GTK+ 2.x and GTK+ 3 in the same process is not supported.
Gtk-Message: 21:29:19.624: Failed to load module "canberra-gtk-module"
console.warn: services.settings: Ignoring preference override of remote settings server
console.warn: services.settings: Allow by setting MOZ_REMOTE_SETTINGS_DEVTOOLS=1 in the environment
1706236159879	Marionette	INFO	Marionette enabled
console.error: "Warning: unrecognized command line flag" "-width"
console.error: "Warning: unrecognized command line flag" "-height"
1706236159988	Marionette	INFO	Listening on port 41061
WebDriver BiDi listening on ws://127.0.0.1:44211
Read port: 41061
1706236160153	RemoteAgent	WARN	TLS certificate errors will be ignored for this session
console.error: ({})
DevTools listening on ws://127.0.0.1:44211/devtools/browser/b90064de-d8d4-45e8-a388-68382b0027c4
console.error: "update.locale" " file doesn't exist in either the application or GRE directories"
1706236191558	addons.xpi	ERROR	System addon update list error SyntaxError: XMLHttpRequest.open: 'http://%(server)s/dummy-system-addons.xml' is not a valid URL.
1706236217421	Marionette	INFO	Stopped listening on port 41061
JavaScript warning: https://script.hotjar.com/modules.0c2aac1b2d1ba79f2a01.js, line 2: Script terminated by timeout at:
e<@https://script.hotjar.com/modules.0c2aac1b2d1ba79f2a01.js:2:68765

1706236256599	geckodriver	INFO	Listening on 127.0.0.1:55393
1706236257070	mozrunner::runner	INFO	Running command: MOZ_CRASHREPORTER="1" MOZ_CRASHREPORTER_NO_REPORT="1" MOZ_CRASHREPORTER_SHUTDOWN="1" MOZ_NO_REMOTE="1" "/sna ... 48" "--remote-debugging-port" "56235" "--remote-allow-hosts" "localhost" "-no-remote" "-profile" "/tmp/rust_mozprofilekhYLc1"
Gtk-Message: 21:30:57.083: Failed to load module "xapp-gtk3-module"
Gtk-Message: 21:30:57.083: Not loading module "atk-bridge": The functionality is provided by GTK natively. Please try to not load it.
[16981, Main Thread] WARNING: GTK+ module /snap/firefox/3626/gnome-platform/usr/lib/gtk-2.0/modules/libcanberra-gtk-module.so cannot be loaded.
GTK+ 2.x symbols detected. Using GTK+ 2.x and GTK+ 3 in the same process is not supported.: 'glib warning', file /build/firefox/parts/firefox/build/toolkit/xre/nsSigHandlers.cpp:187

(firefox:16981): Gtk-WARNING **: 21:30:57.126: GTK+ module /snap/firefox/3626/gnome-platform/usr/lib/gtk-2.0/modules/libcanberra-gtk-module.so cannot be loaded.
GTK+ 2.x symbols detected. Using GTK+ 2.x and GTK+ 3 in the same process is not supported.
Gtk-Message: 21:30:57.126: Failed to load module "canberra-gtk-module"
[16981, Main Thread] WARNING: GTK+ module /snap/firefox/3626/gnome-platform/usr/lib/gtk-2.0/modules/libcanberra-gtk-module.so cannot be loaded.
GTK+ 2.x symbols detected. Using GTK+ 2.x and GTK+ 3 in the same process is not supported.: 'glib warning', file /build/firefox/parts/firefox/build/toolkit/xre/nsSigHandlers.cpp:187

(firefox:16981): Gtk-WARNING **: 21:30:57.126: GTK+ module /snap/firefox/3626/gnome-platform/usr/lib/gtk-2.0/modules/libcanberra-gtk-module.so cannot be loaded.
GTK+ 2.x symbols detected. Using GTK+ 2.x and GTK+ 3 in the same process is not supported.
Gtk-Message: 21:30:57.126: Failed to load module "canberra-gtk-module"
console.warn: services.settings: Ignoring preference override of remote settings server
console.warn: services.settings: Allow by setting MOZ_REMOTE_SETTINGS_DEVTOOLS=1 in the environment
1706236257398	Marionette	INFO	Marionette enabled
console.error: "Warning: unrecognized command line flag" "-width"
console.error: "Warning: unrecognized command line flag" "-height"
1706236257522	Marionette	INFO	Listening on port 33503
WebDriver BiDi listening on ws://127.0.0.1:56235
Read port: 33503
1706236257684	RemoteAgent	WARN	TLS certificate errors will be ignored for this session
console.error: ({})
DevTools listening on ws://127.0.0.1:56235/devtools/browser/560eb0a3-cfc9-40f7-92d6-3041f63b916c
JavaScript warning: https://www.googletagmanager.com/gtag/js?id=G-8KV912KKGS&l=dataLayer&cx=c, line 152: Script terminated by timeout at:
Uc@https://www.googletagmanager.com/gtag/js?id=G-8KV912KKGS&l=dataLayer&cx=c:152:178
Oy@https://www.googletagmanager.com/gtag/js?id=G-8KV912KKGS&l=dataLayer&cx=c:443:76
DA@https://www.googletagmanager.com/gtag/js?id=G-8KV912KKGS&l=dataLayer&cx=c:458:163
BA/</<@https://www.googletagmanager.com/gtag/js?id=G-8KV912KKGS&l=dataLayer&cx=c:457:187
l@https://www.googletagmanager.com/gtag/js?id=G-8KV912KKGS&l=dataLayer&cx=c:133:62
BA/<@https://www.googletagmanager.com/gtag/js?id=G-8KV912KKGS&l=dataLayer&cx=c:457:167
l@https://www.googletagmanager.com/gtag/js?id=G-8KV912KKGS&l=dataLayer&cx=c:133:62
BA@https://www.googletagmanager.com/gtag/js?id=G-8KV912KKGS&l=dataLayer&cx=c:457:134
CA/<@https://www.googletagmanager.com/gtag/js?id=G-8KV912KKGS&l=dataLayer&cx=c:457:111

1706236277200	Marionette	INFO	Stopped listening on port 33503
1706236365846	geckodriver	INFO	Listening on 127.0.0.1:40627
1706236366321	mozrunner::runner	INFO	Running command: MOZ_CRASHREPORTER="1" MOZ_CRASHREPORTER_NO_REPORT="1" MOZ_CRASHREPORTER_SHUTDOWN="1" MOZ_NO_REMOTE="1" "/sna ... 48" "--remote-debugging-port" "60325" "--remote-allow-hosts" "localhost" "-no-remote" "-profile" "/tmp/rust_mozprofileN3SAty"
Gtk-Message: 21:32:46.334: Failed to load module "xapp-gtk3-module"
Gtk-Message: 21:32:46.335: Not loading module "atk-bridge": The functionality is provided by GTK natively. Please try to not load it.
[17547, Main Thread] WARNING: GTK+ module /snap/firefox/3626/gnome-platform/usr/lib/gtk-2.0/modules/libcanberra-gtk-module.so cannot be loaded.
GTK+ 2.x symbols detected. Using GTK+ 2.x and GTK+ 3 in the same process is not supported.: 'glib warning', file /build/firefox/parts/firefox/build/toolkit/xre/nsSigHandlers.cpp:187

(firefox:17547): Gtk-WARNING **: 21:32:46.381: GTK+ module /snap/firefox/3626/gnome-platform/usr/lib/gtk-2.0/modules/libcanberra-gtk-module.so cannot be loaded.
GTK+ 2.x symbols detected. Using GTK+ 2.x and GTK+ 3 in the same process is not supported.
Gtk-Message: 21:32:46.381: Failed to load module "canberra-gtk-module"
[17547, Main Thread] WARNING: GTK+ module /snap/firefox/3626/gnome-platform/usr/lib/gtk-2.0/modules/libcanberra-gtk-module.so cannot be loaded.
GTK+ 2.x symbols detected. Using GTK+ 2.x and GTK+ 3 in the same process is not supported.: 'glib warning', file /build/firefox/parts/firefox/build/toolkit/xre/nsSigHandlers.cpp:187

(firefox:17547): Gtk-WARNING **: 21:32:46.381: GTK+ module /snap/firefox/3626/gnome-platform/usr/lib/gtk-2.0/modules/libcanberra-gtk-module.so cannot be loaded.
GTK+ 2.x symbols detected. Using GTK+ 2.x and GTK+ 3 in the same process is not supported.
Gtk-Message: 21:32:46.381: Failed to load module "canberra-gtk-module"
console.warn: services.settings: Ignoring preference override of remote settings server
console.warn: services.settings: Allow by setting MOZ_REMOTE_SETTINGS_DEVTOOLS=1 in the environment
1706236366635	Marionette	INFO	Marionette enabled
console.error: "Warning: unrecognized command line flag" "-width"
console.error: "Warning: unrecognized command line flag" "-height"
1706236366736	Marionette	INFO	Listening on port 37615
WebDriver BiDi listening on ws://127.0.0.1:60325
Read port: 37615
1706236366900	RemoteAgent	WARN	TLS certificate errors will be ignored for this session
console.error: ({})
DevTools listening on ws://127.0.0.1:60325/devtools/browser/68f224e0-570a-4900-92bc-790c36b3650a
1706236376000	Marionette	INFO	Stopped listening on port 37615
JavaScript warning: https://www.clarity.ms/s/0.7.20/clarity.js, line 2: Script terminated by timeout at:
ni/<@https://www.clarity.ms/s/0.7.20/clarity.js:2:54433

